<?xml version="1.0" encoding="UTF-8"?>
<beans xmlns="http://www.springframework.org/schema/beans"
	xmlns:xsi="http://www.w3.org/2001/XMLSchema-instance"
	xmlns:p="http://www.springframework.org/schema/p"
	xsi:schemaLocation="http://www.springframework.org/schema/beans
		http://www.springframework.org/schema/beans/spring-beans.xsd">
	<!-- xmlns="http://www.springframework.org.schema/beans" xmlns:xsi="http://www.w3.org/2001/XMLSchema-instance" 
		xsi:schemaLocation="http://www.springframework.org/schema/beans http://www.springframework.org/schema/beans/spring-beans.xsd"> -->

<!-- 	<bean id="dataSource"
		class="org.springframework.jdbc.datasource.SimpleDriverDataSource">
		<property name="driverClass" value="oracle.jdbc.driver.OracleDriver" />
		<property name="url" value="jdbc:oracle:thin:@localhost:1521:xe" />
		<property name="username" value="Trainee1" />
		<property name="password" value="!QAZSE4" />
	</bean> -->

	<bean id="dataSource"
		class="org.springframework.jdbc.datasource.SimpleDriverDataSource">
		<property name="driverClass" value="com.mysql.cj.jdbc.Driver" />
		<property name="url" value="jdbc:mysql://localhost/testdb" />
		<property name="username" value="root" />
		<property name="password" value="eltemia" />
	</bean>

	<bean id="connectionMaker"
		class="com.jun.spring_practice.connectionmaker.OConnectionMaker" />

	<bean id="userDao" class="com.jun.spring_practice.dao.UserDao">
		<property name="dataSource" ref="dataSource" />
	</bean>

</beans>